<?xml version="1.0" encoding="UTF-8"?>
<testsuite name="testSuite" tests="50" skipped="39" failures="0" errors="0" timestamp="2019-08-20T06:01:50" hostname="C02Y309QJG5J" time="0.021">
  <properties/>
  <testcase name="testCustomDelimiter[0:  = 0]" classname="testSuite" time="0.005">
    <skipped/>
  </testcase>
  <testcase name="testSingleCharString[0:  = 0]" classname="testSuite" time="0.001">
    <skipped/>
  </testcase>
  <testcase name="testNewlineDelimiter[0:  = 0]" classname="testSuite" time="0.0">
    <skipped/>
  </testcase>
  <testcase name="testBlankInput[0:  = 0]" classname="testSuite" time="0.0"/>
  <testcase name="testBasicAddition[0:  = 0]" classname="testSuite" time="0.0">
    <skipped/>
  </testcase>
  <testcase name="testCustomDelimiter[1: 1 = 1]" classname="testSuite" time="0.0">
    <skipped/>
  </testcase>
  <testcase name="testSingleCharString[1: 1 = 1]" classname="testSuite" time="0.0"/>
  <testcase name="testNewlineDelimiter[1: 1 = 1]" classname="testSuite" time="0.0">
    <skipped/>
  </testcase>
  <testcase name="testBlankInput[1: 1 = 1]" classname="testSuite" time="0.0">
    <skipped/>
  </testcase>
  <testcase name="testBasicAddition[1: 1 = 1]" classname="testSuite" time="0.001">
    <skipped/>
  </testcase>
  <testcase name="testCustomDelimiter[2: 3 = 3]" classname="testSuite" time="0.0">
    <skipped/>
  </testcase>
  <testcase name="testSingleCharString[2: 3 = 3]" classname="testSuite" time="0.0"/>
  <testcase name="testNewlineDelimiter[2: 3 = 3]" classname="testSuite" time="0.0">
    <skipped/>
  </testcase>
  <testcase name="testBlankInput[2: 3 = 3]" classname="testSuite" time="0.001">
    <skipped/>
  </testcase>
  <testcase name="testBasicAddition[2: 3 = 3]" classname="testSuite" time="0.0">
    <skipped/>
  </testcase>
  <testcase name="testCustomDelimiter[3: 1,2 = 3]" classname="testSuite" time="0.001">
    <skipped/>
  </testcase>
  <testcase name="testSingleCharString[3: 1,2 = 3]" classname="testSuite" time="0.0">
    <skipped/>
  </testcase>
  <testcase name="testNewlineDelimiter[3: 1,2 = 3]" classname="testSuite" time="0.0">
    <skipped/>
  </testcase>
  <testcase name="testBlankInput[3: 1,2 = 3]" classname="testSuite" time="0.001">
    <skipped/>
  </testcase>
  <testcase name="testBasicAddition[3: 1,2 = 3]" classname="testSuite" time="0.0"/>
  <testcase name="testCustomDelimiter[4: 3,5 = 8]" classname="testSuite" time="0.0">
    <skipped/>
  </testcase>
  <testcase name="testSingleCharString[4: 3,5 = 8]" classname="testSuite" time="0.001">
    <skipped/>
  </testcase>
  <testcase name="testNewlineDelimiter[4: 3,5 = 8]" classname="testSuite" time="0.0">
    <skipped/>
  </testcase>
  <testcase name="testBlankInput[4: 3,5 = 8]" classname="testSuite" time="0.001">
    <skipped/>
  </testcase>
  <testcase name="testBasicAddition[4: 3,5 = 8]" classname="testSuite" time="0.0"/>
  <testcase name="testCustomDelimiter[5: 1,2,3 = 6]" classname="testSuite" time="0.0">
    <skipped/>
  </testcase>
  <testcase name="testSingleCharString[5: 1,2,3 = 6]" classname="testSuite" time="0.0">
    <skipped/>
  </testcase>
  <testcase name="testNewlineDelimiter[5: 1,2,3 = 6]" classname="testSuite" time="0.001">
    <skipped/>
  </testcase>
  <testcase name="testBlankInput[5: 1,2,3 = 6]" classname="testSuite" time="0.0">
    <skipped/>
  </testcase>
  <testcase name="testBasicAddition[5: 1,2,3 = 6]" classname="testSuite" time="0.0"/>
  <testcase name="testCustomDelimiter[6: 3,5,3,9 = 20]" classname="testSuite" time="0.0">
    <skipped/>
  </testcase>
  <testcase name="testSingleCharString[6: 3,5,3,9 = 20]" classname="testSuite" time="0.001">
    <skipped/>
  </testcase>
  <testcase name="testNewlineDelimiter[6: 3,5,3,9 = 20]" classname="testSuite" time="0.0">
    <skipped/>
  </testcase>
  <testcase name="testBlankInput[6: 3,5,3,9 = 20]" classname="testSuite" time="0.0">
    <skipped/>
  </testcase>
  <testcase name="testBasicAddition[6: 3,5,3,9 = 20]" classname="testSuite" time="0.0"/>
  <testcase name="testCustomDelimiter[7: 1,2&#10;3 = 6]" classname="testSuite" time="0.001">
    <skipped/>
  </testcase>
  <testcase name="testSingleCharString[7: 1,2&#10;3 = 6]" classname="testSuite" time="0.0">
    <skipped/>
  </testcase>
  <testcase name="testNewlineDelimiter[7: 1,2&#10;3 = 6]" classname="testSuite" time="0.0"/>
  <testcase name="testBlankInput[7: 1,2&#10;3 = 6]" classname="testSuite" time="0.0">
    <skipped/>
  </testcase>
  <testcase name="testBasicAddition[7: 1,2&#10;3 = 6]" classname="testSuite" time="0.0">
    <skipped/>
  </testcase>
  <testcase name="testCustomDelimiter[8: 3&#10;5&#10;3,9 = 20]" classname="testSuite" time="0.0">
    <skipped/>
  </testcase>
  <testcase name="testSingleCharString[8: 3&#10;5&#10;3,9 = 20]" classname="testSuite" time="0.0">
    <skipped/>
  </testcase>
  <testcase name="testNewlineDelimiter[8: 3&#10;5&#10;3,9 = 20]" classname="testSuite" time="0.0"/>
  <testcase name="testBlankInput[8: 3&#10;5&#10;3,9 = 20]" classname="testSuite" time="0.001">
    <skipped/>
  </testcase>
  <testcase name="testBasicAddition[8: 3&#10;5&#10;3,9 = 20]" classname="testSuite" time="0.0">
    <skipped/>
  </testcase>
  <testcase name="testCustomDelimiter[9: //;&#10;1;2 = 3]" classname="testSuite" time="0.0"/>
  <testcase name="testSingleCharString[9: //;&#10;1;2 = 3]" classname="testSuite" time="0.0">
    <skipped/>
  </testcase>
  <testcase name="testNewlineDelimiter[9: //;&#10;1;2 = 3]" classname="testSuite" time="0.0"/>
  <testcase name="testBlankInput[9: //;&#10;1;2 = 3]" classname="testSuite" time="0.001">
    <skipped/>
  </testcase>
  <testcase name="testBasicAddition[9: //;&#10;1;2 = 3]" classname="testSuite" time="0.0">
    <skipped/>
  </testcase>
  <system-out><![CDATA[]]></system-out>
  <system-err><![CDATA[]]></system-err>
</testsuite>
